<?xml version="1.0" encoding="UTF-8"?>
<testng-results skipped="0" failed="0" total="2" passed="2">
  <reporter-output>
  </reporter-output>
  <suite name="Default suite" duration-ms="49604" started-at="2019-08-29T16:50:02Z" finished-at="2019-08-29T16:50:52Z">
    <groups>
    </groups>
    <test name="Default test" duration-ms="49604" started-at="2019-08-29T16:50:02Z" finished-at="2019-08-29T16:50:52Z">
      <class name="com.ecommerce.tests.readdatafromexcel">
        <test-method status="PASS" signature="setup()[pri:0, instance:com.ecommerce.tests.readdatafromexcel@91161c7]" name="setup" is-config="true" duration-ms="17351" started-at="2019-08-29T12:50:03Z" finished-at="2019-08-29T12:50:21Z">
          <reporter-output>
          </reporter-output>
        </test-method> <!-- setup -->
        <test-method status="PASS" signature="getdatafromarraylist(java.util.HashMap)[pri:0, instance:com.ecommerce.tests.readdatafromexcel@91161c7]" name="getdatafromarraylist" duration-ms="8178" started-at="2019-08-29T12:50:21Z" data-provider="readexcelintolist" finished-at="2019-08-29T12:50:29Z">
          <params>
            <param index="0">
              <value>
                <![CDATA[{password=raju, email=rajagopisri@gmail.com}]]>
              </value>
            </param>
          </params>
          <reporter-output>
          </reporter-output>
        </test-method> <!-- getdatafromarraylist -->
        <test-method status="PASS" signature="setup()[pri:0, instance:com.ecommerce.tests.readdatafromexcel@91161c7]" name="setup" is-config="true" duration-ms="13864" started-at="2019-08-29T12:50:29Z" finished-at="2019-08-29T12:50:43Z">
          <reporter-output>
          </reporter-output>
        </test-method> <!-- setup -->
        <test-method status="PASS" signature="getdatafromarraylist(java.util.HashMap)[pri:0, instance:com.ecommerce.tests.readdatafromexcel@91161c7]" name="getdatafromarraylist" duration-ms="9063" started-at="2019-08-29T12:50:43Z" data-provider="readexcelintolist" finished-at="2019-08-29T12:50:52Z">
          <params>
            <param index="0">
              <value>
                <![CDATA[{password=janu, email=jansilakshmanan90}]]>
              </value>
            </param>
          </params>
          <reporter-output>
          </reporter-output>
        </test-method> <!-- getdatafromarraylist -->
      </class> <!-- com.ecommerce.tests.readdatafromexcel -->
    </test> <!-- Default test -->
  </suite> <!-- Default suite -->
</testng-results>
